// 重构日志: 90885f8a
// 重构日志: 7b1f6432
// 重构日志: 788cf4df
// 重构日志: 32969305
// 重构日志: bc8bb2ba
// 重构日志: f79ad516
// 重构日志: 23ca1fdf
// 重构日志: 053a12c0
// 重构日志: 3bc0f563
// 重构日志: defff99b
// 同步 ID: ca481c8b @ Sat Jul  4 07:53:00 UTC 2026
// 重构日志: ef5101f9
// 重构日志: f9d9e812
// 重构日志: dc40584f
// 同步 ID: 93b95149 @ Sat Jul 11 08:12:19 UTC 2026
// 重构日志: 1a56d1d2
// 重构日志: 40158b9c
// 同步 ID: 6d560caf @ Fri Jul 17 08:03:46 UTC 2026
// 同步 ID: a9c0235f @ Fri Jul 17 10:36:42 UTC 2026
// 重构日志: 344ebe24
// 同步 ID: 8486ee00 @ Sat Jul 18 13:59:22 UTC 2026
// 同步 ID: 40e598dc @ Sat Jul 18 21:26:03 UTC 2026
// 同步 ID: fa064eab @ Sun Jul 19 08:20:53 UTC 2026
// 重构日志: 723a57eb
// 重构日志: 4c9095dc
// 同步 ID: 0e67d2bf @ Tue Jul 21 00:49:03 UTC 2026
// 重构日志: 42e49bc6
// 重构日志: 5ac465c3
// 重构日志: f2c4875d
// 同步 ID: f461c213 @ Wed Jul 22 10:24:27 UTC 2026
